<?xml version="1.0" encoding="UTF-8"?>
<!-- Generated by org.testng.reporters.JUnitReportReporter -->
<testsuite skipped="1" hostname="ANKITK7-M-P46J" name="testNGPrograms.pageSource" tests="3" failures="0" timestamp="2023-03-09T14:15:51 IST" time="0.039" errors="0">
  <testcase name="verifyTitle" time="0.013" classname="testNGPrograms.pageSource"/>
  <system-out/>
  <testcase name="verifyText" time="0.026" classname="testNGPrograms.pageSource"/>
  <system-out/>
  <testcase name="verifyLoginBtnIsBlue" classname="testNGPrograms.pageSource">
    <skipped/>
  </testcase> <!-- verifyLoginBtnIsBlue -->
  <system-out/>
</testsuite> <!-- testNGPrograms.pageSource -->
