<?xml version="1.0" encoding="UTF-8"?>
<!-- Generated by org.testng.reporters.JUnitReportReporter -->
<testsuite skipped="0" hostname="ANKITK7-M-P46J" name="testNGPrograms.AlertBoxDemo" tests="1" failures="0" timestamp="2023-03-08T16:28:43 IST" time="2.657" errors="0">
  <testcase name="closeAlertBox" time="2.657" classname="testNGPrograms.AlertBoxDemo"/>
  <system-out/>
</testsuite> <!-- testNGPrograms.AlertBoxDemo -->
